<?xml version="1.0" encoding="UTF-8" ?>
<testsuite tests="41" failures="0" name="br.sp.rodolfo.runners.RunnerTest" time="0.367" errors="0" skipped="7">
  <properties>
    <property name="java.runtime.name" value="Java(TM) SE Runtime Environment"/>
    <property name="cucumber.options" value="src/test/resources/features/aprender_cucumber.feature"/>
    <property name="sun.boot.library.path" value="C:\Program Files\Java\jdk1.8.0_152\jre\bin"/>
    <property name="java.vm.version" value="25.152-b16"/>
    <property name="java.vm.vendor" value="Oracle Corporation"/>
    <property name="maven.multiModuleProjectDirectory" value="C:\Users\sk8ei\eclipse-workspace\CursoCucumber"/>
    <property name="java.vendor.url" value="http://java.oracle.com/"/>
    <property name="path.separator" value=";"/>
    <property name="guice.disable.misplaced.annotation.check" value="true"/>
    <property name="java.vm.name" value="Java HotSpot(TM) 64-Bit Server VM"/>
    <property name="file.encoding.pkg" value="sun.io"/>
    <property name="user.script" value=""/>
    <property name="user.country" value="NZ"/>
    <property name="sun.java.launcher" value="SUN_STANDARD"/>
    <property name="sun.os.patch.level" value=""/>
    <property name="java.vm.specification.name" value="Java Virtual Machine Specification"/>
    <property name="user.dir" value="C:\Users\sk8ei\eclipse-workspace\CursoCucumber"/>
    <property name="java.runtime.version" value="1.8.0_152-b16"/>
    <property name="java.awt.graphicsenv" value="sun.awt.Win32GraphicsEnvironment"/>
    <property name="java.endorsed.dirs" value="C:\Program Files\Java\jdk1.8.0_152\jre\lib\endorsed"/>
    <property name="os.arch" value="amd64"/>
    <property name="java.io.tmpdir" value="C:\Users\sk8ei\AppData\Local\Temp\"/>
    <property name="line.separator" value="
"/>
    <property name="java.vm.specification.vendor" value="Oracle Corporation"/>
    <property name="user.variant" value=""/>
    <property name="os.name" value="Windows 10"/>
    <property name="classworlds.conf" value="C:\Users\sk8ei\apache-maven-3.5.4-bin\apache-maven-3.5.4\bin\..\bin\m2.conf"/>
    <property name="sun.jnu.encoding" value="Cp1252"/>
    <property name="java.library.path" value="C:\Program Files\Java\jdk1.8.0_152\bin;C:\WINDOWS\Sun\Java\bin;C:\WINDOWS\system32;C:\WINDOWS;C:\Program Files (x86)\Intel\iCLS Client\;C:\Program Files (x86)\Common Files\Oracle\Java\javapath;C:\ProgramData\Oracle\Java\javapath;C:\Program Files\Intel\iCLS Client\;C:\WINDOWS\system32;C:\WINDOWS;C:\WINDOWS\System32\Wbem;C:\WINDOWS\System32\WindowsPowerShell\v1.0\;C:\Program Files\Java\jdk1.8.0_152\bin;C:\Program Files\Java\jdk1.8.0_152\bin;C:\Users\sk8ei\apache-maven-3.5.4-bin\apache-maven-3.5.4\bin;C:\WINDOWS\System32\OpenSSH\;C:\Program Files (x86)\Intel\Intel(R) Management Engine Components\DAL;C:\Program Files\Intel\Intel(R) Management Engine Components\DAL;C:\Program Files (x86)\Intel\Intel(R) Management Engine Components\IPT;C:\Program Files\Intel\Intel(R) Management Engine Components\IPT;C:\Users\sk8ei\AppData\Local\Microsoft\WindowsApps;;."/>
    <property name="maven.conf" value="C:\Users\sk8ei\apache-maven-3.5.4-bin\apache-maven-3.5.4\bin\../conf"/>
    <property name="java.specification.name" value="Java Platform API Specification"/>
    <property name="java.class.version" value="52.0"/>
    <property name="sun.management.compiler" value="HotSpot 64-Bit Tiered Compilers"/>
    <property name="os.version" value="10.0"/>
    <property name="library.jansi.path" value="C:\Users\sk8ei\apache-maven-3.5.4-bin\apache-maven-3.5.4\bin\..\lib\jansi-native"/>
    <property name="user.home" value="C:\Users\sk8ei"/>
    <property name="user.timezone" value="America/Sao_Paulo"/>
    <property name="java.awt.printerjob" value="sun.awt.windows.WPrinterJob"/>
    <property name="java.specification.version" value="1.8"/>
    <property name="file.encoding" value="Cp1252"/>
    <property name="user.name" value="ThePrimus"/>
    <property name="java.class.path" value="C:\Users\sk8ei\apache-maven-3.5.4-bin\apache-maven-3.5.4\bin\..\boot\plexus-classworlds-2.5.2.jar"/>
    <property name="java.vm.specification.version" value="1.8"/>
    <property name="sun.arch.data.model" value="64"/>
    <property name="java.home" value="C:\Program Files\Java\jdk1.8.0_152\jre"/>
    <property name="sun.java.command" value="org.codehaus.plexus.classworlds.launcher.Launcher test -Dcucumber.options=src/test/resources/features/aprender_cucumber.feature"/>
    <property name="java.specification.vendor" value="Oracle Corporation"/>
    <property name="user.language" value="en"/>
    <property name="awt.toolkit" value="sun.awt.windows.WToolkit"/>
    <property name="java.vm.info" value="mixed mode"/>
    <property name="java.version" value="1.8.0_152"/>
    <property name="java.ext.dirs" value="C:\Program Files\Java\jdk1.8.0_152\jre\lib\ext;C:\WINDOWS\Sun\Java\lib\ext"/>
    <property name="sun.boot.class.path" value="C:\Program Files\Java\jdk1.8.0_152\jre\lib\resources.jar;C:\Program Files\Java\jdk1.8.0_152\jre\lib\rt.jar;C:\Program Files\Java\jdk1.8.0_152\jre\lib\sunrsasign.jar;C:\Program Files\Java\jdk1.8.0_152\jre\lib\jsse.jar;C:\Program Files\Java\jdk1.8.0_152\jre\lib\jce.jar;C:\Program Files\Java\jdk1.8.0_152\jre\lib\charsets.jar;C:\Program Files\Java\jdk1.8.0_152\jre\lib\jfr.jar;C:\Program Files\Java\jdk1.8.0_152\jre\classes"/>
    <property name="sun.stderr.encoding" value="cp437"/>
    <property name="java.vendor" value="Oracle Corporation"/>
    <property name="maven.home" value="C:\Users\sk8ei\apache-maven-3.5.4-bin\apache-maven-3.5.4\bin\.."/>
    <property name="file.separator" value="\"/>
    <property name="java.vendor.url.bug" value="http://bugreport.sun.com/bugreport/"/>
    <property name="sun.cpu.endian" value="little"/>
    <property name="sun.io.unicode.encoding" value="UnicodeLittle"/>
    <property name="sun.stdout.encoding" value="cp437"/>
    <property name="sun.desktop" value="windows"/>
    <property name="sun.cpu.isalist" value="amd64"/>
  </properties>
  <testcase classname="Cenario: Deve executar a especificao" name="Dado criei o arquivo corretamente" time="0.007"/>
  <testcase classname="Cenario: Deve executar a especificao" name="Quando executa-lo" time="0"/>
  <testcase classname="Cenario: Deve executar a especificao" name="Entao especificacao deve finalizar com sucesso" time="0.001"/>
  <testcase classname="Cenario: Deve executar a especificao" name="Cenario: Deve executar a especificao" time="0.003"/>
  <testcase classname="Cenario: Deve incrementar contador" name="Dado que o valor do contador e 15" time="0"/>
  <testcase classname="Cenario: Deve incrementar contador" name="Quando eu incrementar em 3" time="0"/>
  <testcase classname="Cenario: Deve incrementar contador" name="Entao o valor do contador sera 18" time="0"/>
  <testcase classname="Cenario: Deve incrementar contador" name="Cenario: Deve incrementar contador" time="0.005"/>
  <testcase classname="Cenario: Deve incrementar contador" name="Dado que o valor do contador e 123" time="0"/>
  <testcase classname="Cenario: Deve incrementar contador" name="Quando eu incrementar em 35" time="0"/>
  <testcase classname="Cenario: Deve incrementar contador" name="Entao o valor do contador sera 158" time="0.001"/>
  <testcase classname="Cenario: Deve incrementar contador" name="Cenario: Deve incrementar contador" time="0.002"/>
  <testcase classname="Cenario: Deve calcular atraso na entrega" name="Dado que a entrega é dia 05/04/2018" time="0"/>
  <testcase classname="Cenario: Deve calcular atraso na entrega" name="Quando a entrega atrasar em 2 dias" time="0"/>
  <testcase classname="Cenario: Deve calcular atraso na entrega" name="Entao a entrega sera feita dia 07/04/2018" time="0.001"/>
  <testcase classname="Cenario: Deve calcular atraso na entrega" name="Cenario: Deve calcular atraso na entrega" time="0.002"/>
  <testcase classname="Cenario: Deve calcular atraso na entrega da China" name="Dado que a entrega é dia 05/04/2018" time="0"/>
  <testcase classname="Cenario: Deve calcular atraso na entrega da China" name="Quando a entrega atrasar em 2 meses" time="0.001"/>
  <testcase classname="Cenario: Deve calcular atraso na entrega da China" name="Entao a entrega sera feita dia 05/06/2018" time="0"/>
  <testcase classname="Cenario: Deve calcular atraso na entrega da China" name="Cenario: Deve calcular atraso na entrega da China" time="0.003"/>
  <testcase classname="Cenário: Deve criar steps genéricos para estes passos" name="Dado que o ticket é AF345" time="0"/>
  <testcase classname="Cenário: Deve criar steps genéricos para estes passos" name="Dado que o valor da passagem é R$ 230,45" time="0"/>
  <testcase classname="Cenário: Deve criar steps genéricos para estes passos" name="Dado que o nome do passageiro é &quot;Fulano da Silva&quot;" time="0"/>
  <testcase classname="Cenário: Deve criar steps genéricos para estes passos" name="Dado que o telefone do passageiro é 9999-9999" time="0"/>
  <testcase classname="Cenário: Deve criar steps genéricos para estes passos" name="Quando criar os steps" time="0"/>
  <testcase classname="Cenário: Deve criar steps genéricos para estes passos" name="Então o teste vai funcionar" time="0"/>
  <testcase classname="Cenário: Deve criar steps genéricos para estes passos" name="Cenário: Deve criar steps genéricos para estes passos" time="0.002"/>
  <testcase classname="Cenário: Deve reaproveitar os steps &quot;Dado&quot; do cenário anterior" name="Dado que o ticket é AB167" time="0.004"/>
  <testcase classname="Cenário: Deve reaproveitar os steps &quot;Dado&quot; do cenário anterior" name="Dado que o ticket especial é AB167" time="0"/>
  <testcase classname="Cenário: Deve reaproveitar os steps &quot;Dado&quot; do cenário anterior" name="Dado que o valor da passagem é R$ 1120,23" time="0"/>
  <testcase classname="Cenário: Deve reaproveitar os steps &quot;Dado&quot; do cenário anterior" name="Dado que o nome do passageiro é &quot;Cicrano de Oliveira&quot;" time="0.003"/>
  <testcase classname="Cenário: Deve reaproveitar os steps &quot;Dado&quot; do cenário anterior" name="Dado que o telefone do passageiro é 9888-8888" time="0"/>
  <testcase classname="Cenário: Deve reaproveitar os steps &quot;Dado&quot; do cenário anterior" name="Cenário: Deve reaproveitar os steps &quot;Dado&quot; do cenário anterior" time="0.001"/>
  <testcase classname="Cenário: Deve negar todos os steps &quot;Dado&quot; dos cenários anteriores" name="Dado que o ticket é CD123" time="0.025">
    <skipped/>
    <system-out>
  Cenário: Deve reaproveitar os steps &quot;Dado&quot; do cenário anterior # src/test/resources/features/aprender_cucumber.feature:44
    Dado que o ticket é AB167                                    # AprenderCucumberSteps.que_o_ticket_é_AF(String,String)
    Dado que o ticket especial é AB167                           # AprenderCucumberSteps.que_o_ticket_é_AF(String,String)
    Dado que o valor da passagem é R$ 1120,23                    # AprenderCucumberSteps.que_o_valor_da_passagem_é_R$(Double)
    Dado que o nome do passageiro é &quot;Cicrano de Oliveira&quot;        # AprenderCucumberSteps.que_o_nome_do_passageiro_é(String)
    Dado que o telefone do passageiro é 9888-8888                # AprenderCucumberSteps.que_o_telefone_do_passageiro_é(String)
</system-out>
  </testcase>
  <testcase classname="Cenário: Deve negar todos os steps &quot;Dado&quot; dos cenários anteriores" name="Dado que o ticket é AG1234" time="0.03">
    <skipped/>
  </testcase>
  <testcase classname="Cenário: Deve negar todos os steps &quot;Dado&quot; dos cenários anteriores" name="Dado que o valor da passagem é R$ 1.1345,56" time="0.039">
    <skipped/>
  </testcase>
  <testcase classname="Cenário: Deve negar todos os steps &quot;Dado&quot; dos cenários anteriores" name="Dado que o nome do passageiro é &quot;Beltrano Souza Matos de Alcântara Azevedo&quot;" time="0.041">
    <skipped/>
  </testcase>
  <testcase classname="Cenário: Deve negar todos os steps &quot;Dado&quot; dos cenários anteriores" name="Dado que o telefone do passageiro é 1234-5678" time="0.046">
    <skipped/>
  </testcase>
  <testcase classname="Cenário: Deve negar todos os steps &quot;Dado&quot; dos cenários anteriores" name="Dado que o telefone do passageiro é 999-2223" time="0.049">
    <skipped/>
  </testcase>
  <testcase classname="Cenário: Deve negar todos os steps &quot;Dado&quot; dos cenários anteriores" name="Cenário: Deve negar todos os steps &quot;Dado&quot; dos cenários anteriores" time="0.05">
    <skipped/>
  </testcase>
  <testcase classname="Cenário: Deve negar todos os steps &quot;Dado&quot; dos cenários anteriores" name="Cenário: Deve negar todos os steps &quot;Dado&quot; dos cenários anteriores" time="0.051"/>
</testsuite>